<?xml version="1.0" encoding="UTF-8"?>
<testsuite xmlns:xsi="http://www.w3.org/2001/XMLSchema-instance" xsi:noNamespaceSchemaLocation="https://maven.apache.org/surefire/maven-surefire-plugin/xsd/surefire-test-report-3.0.xsd" version="3.0" name="pl.polsl.kg301743.dicethrower.model.DiceTest" time="0.099" tests="9" errors="0" skipped="0" failures="0">
  <properties>
    <property name="java.specification.version" value="17"/>
    <property name="sun.cpu.isalist" value="amd64"/>
    <property name="sun.jnu.encoding" value="Cp1250"/>
    <property name="java.class.path" value="D:\studia\sem5\JAVA\RPG-dice-thrower\target\test-classes;D:\studia\sem5\JAVA\RPG-dice-thrower\target\classes;C:\Users\x\.m2\repository\org\junit\jupiter\junit-jupiter-api\5.6.0\junit-jupiter-api-5.6.0.jar;C:\Users\x\.m2\repository\org\apiguardian\apiguardian-api\1.1.0\apiguardian-api-1.1.0.jar;C:\Users\x\.m2\repository\org\opentest4j\opentest4j\1.2.0\opentest4j-1.2.0.jar;C:\Users\x\.m2\repository\org\junit\platform\junit-platform-commons\1.6.0\junit-platform-commons-1.6.0.jar;C:\Users\x\.m2\repository\org\junit\jupiter\junit-jupiter-params\5.6.0\junit-jupiter-params-5.6.0.jar;C:\Users\x\.m2\repository\org\junit\jupiter\junit-jupiter-engine\5.6.0\junit-jupiter-engine-5.6.0.jar;C:\Users\x\.m2\repository\org\junit\platform\junit-platform-engine\1.6.0\junit-platform-engine-1.6.0.jar;"/>
    <property name="java.vm.vendor" value="Oracle Corporation"/>
    <property name="sun.arch.data.model" value="64"/>
    <property name="user.variant" value=""/>
    <property name="java.vendor.url" value="https://java.oracle.com/"/>
    <property name="user.timezone" value="Europe/Warsaw"/>
    <property name="os.name" value="Windows 11"/>
    <property name="java.vm.specification.version" value="17"/>
    <property name="user.country" value="PL"/>
    <property name="sun.java.launcher" value="SUN_STANDARD"/>
    <property name="sun.boot.library.path" value="D:\JDK\bin"/>
    <property name="sun.java.command" value="C:\Users\x\AppData\Local\Temp\surefire3971932578564024785\surefirebooter-20231215185742454_3.jar C:\Users\x\AppData\Local\Temp\surefire3971932578564024785 2023-12-15T18-57-42_312-jvmRun1 surefire-20231215185742454_1tmp surefire_0-20231215185742454_2tmp"/>
    <property name="jdk.debug" value="release"/>
    <property name="test" value="pl.polsl.kg301743.dicethrower.model.DiceTest"/>
    <property name="surefire.test.class.path" value="D:\studia\sem5\JAVA\RPG-dice-thrower\target\test-classes;D:\studia\sem5\JAVA\RPG-dice-thrower\target\classes;C:\Users\x\.m2\repository\org\junit\jupiter\junit-jupiter-api\5.6.0\junit-jupiter-api-5.6.0.jar;C:\Users\x\.m2\repository\org\apiguardian\apiguardian-api\1.1.0\apiguardian-api-1.1.0.jar;C:\Users\x\.m2\repository\org\opentest4j\opentest4j\1.2.0\opentest4j-1.2.0.jar;C:\Users\x\.m2\repository\org\junit\platform\junit-platform-commons\1.6.0\junit-platform-commons-1.6.0.jar;C:\Users\x\.m2\repository\org\junit\jupiter\junit-jupiter-params\5.6.0\junit-jupiter-params-5.6.0.jar;C:\Users\x\.m2\repository\org\junit\jupiter\junit-jupiter-engine\5.6.0\junit-jupiter-engine-5.6.0.jar;C:\Users\x\.m2\repository\org\junit\platform\junit-platform-engine\1.6.0\junit-platform-engine-1.6.0.jar;"/>
    <property name="sun.cpu.endian" value="little"/>
    <property name="user.home" value="C:\Users\x"/>
    <property name="user.language" value="pl"/>
    <property name="java.specification.vendor" value="Oracle Corporation"/>
    <property name="java.version.date" value="2023-10-17"/>
    <property name="java.home" value="D:\JDK"/>
    <property name="file.separator" value="\"/>
    <property name="basedir" value="D:\studia\sem5\JAVA\RPG-dice-thrower"/>
    <property name="java.vm.compressedOopsMode" value="Zero based"/>
    <property name="line.separator" value="&#10;"/>
    <property name="java.vm.specification.vendor" value="Oracle Corporation"/>
    <property name="java.specification.name" value="Java Platform API Specification"/>
    <property name="surefire.real.class.path" value="C:\Users\x\AppData\Local\Temp\surefire3971932578564024785\surefirebooter-20231215185742454_3.jar"/>
    <property name="user.script" value=""/>
    <property name="sun.management.compiler" value="HotSpot 64-Bit Tiered Compilers"/>
    <property name="java.runtime.version" value="17.0.9+11-LTS-201"/>
    <property name="user.name" value="x"/>
    <property name="path.separator" value=";"/>
    <property name="os.version" value="10.0"/>
    <property name="java.runtime.name" value="Java(TM) SE Runtime Environment"/>
    <property name="file.encoding" value="UTF-8"/>
    <property name="java.vm.name" value="Java HotSpot(TM) 64-Bit Server VM"/>
    <property name="maven.ext.class.path" value="D:\NetBeans\NetBeans-18\netbeans\java\maven-nblib\netbeans-eventspy.jar"/>
    <property name="localRepository" value="C:\Users\x\.m2\repository"/>
    <property name="java.vendor.url.bug" value="https://bugreport.java.com/bugreport/"/>
    <property name="java.io.tmpdir" value="C:\Users\x\AppData\Local\Temp\"/>
    <property name="java.version" value="17.0.9"/>
    <property name="user.dir" value="D:\studia\sem5\JAVA\RPG-dice-thrower"/>
    <property name="os.arch" value="amd64"/>
    <property name="java.vm.specification.name" value="Java Virtual Machine Specification"/>
    <property name="sun.os.patch.level" value=""/>
    <property name="native.encoding" value="Cp1250"/>
    <property name="java.library.path" value="D:\JDK\bin;C:\WINDOWS\Sun\Java\bin;C:\WINDOWS\system32;C:\WINDOWS;C:\Program Files\Common Files\Oracle\Java\javapath;C:\WINDOWS\system32;C:\WINDOWS;C:\WINDOWS\System32\Wbem;C:\WINDOWS\System32\WindowsPowerShell\v1.0\;C:\WINDOWS\System32\OpenSSH\;C:\Program Files\nodejs\;C:\Program Files\Git\cmd;C:\Program Files\dotnet\;C:\Windows\System32;C:\Users\x\AppData\Local\Microsoft\WindowsApps;;C:\Program Files\JetBrains\CLion 2021.3\bin;;C:\Users\x\AppData\Local\Programs\Microsoft VS Code\bin;C:\Users\x\AppData\Roaming\npm;C:\Program Files\JetBrains\WebStorm 2022.3.2\bin;;C:\Users\x\.dotnet\tools;C:\Program Files\heroku\bin;C:\Program Files\JetBrains\PyCharm Community Edition 2022.3.3\bin;;D:\IntelliJ IDEA 2023.2.5\bin;;."/>
    <property name="java.vm.info" value="mixed mode, sharing"/>
    <property name="java.vendor" value="Oracle Corporation"/>
    <property name="java.vm.version" value="17.0.9+11-LTS-201"/>
    <property name="sun.io.unicode.encoding" value="UnicodeLittle"/>
    <property name="java.class.version" value="61.0"/>
  </properties>
  <testcase name="testThrowDiceResultsProperData(int)[1]" classname="pl.polsl.kg301743.dicethrower.model.DiceTest" time="0.044"/>
  <testcase name="testThrowDiceResultsProperData(int)[2]" classname="pl.polsl.kg301743.dicethrower.model.DiceTest" time="0.001"/>
  <testcase name="testThrowDiceResultsProperData(int)[3]" classname="pl.polsl.kg301743.dicethrower.model.DiceTest" time="0.001"/>
  <testcase name="testThrowTimesInproperData(int)[1]" classname="pl.polsl.kg301743.dicethrower.model.DiceTest" time="0.001"/>
  <testcase name="testThrowTimesInproperData(int)[2]" classname="pl.polsl.kg301743.dicethrower.model.DiceTest" time="0.001"/>
  <testcase name="testThrowTimesInproperData(int)[3]" classname="pl.polsl.kg301743.dicethrower.model.DiceTest" time="0"/>
  <testcase name="testThrowTimesProperData(int)[1]" classname="pl.polsl.kg301743.dicethrower.model.DiceTest" time="0.001"/>
  <testcase name="testThrowTimesProperData(int)[2]" classname="pl.polsl.kg301743.dicethrower.model.DiceTest" time="0.001"/>
  <testcase name="testThrowTimesProperData(int)[3]" classname="pl.polsl.kg301743.dicethrower.model.DiceTest" time="0"/>
</testsuite>